Start testing: Jun 08 19:46 EDT
----------------------------------------------------------
1/1 Testing: EngineTests
1/1 Test: EngineTests
Command: "/Users/friend/Library/Mobile Documents/com~apple~CloudDocs/Documents/Dev/Super_VelocityCurve/build-rwd/SuperVelocityCurveTests_artefacts/RelWithDebInfo/SuperVelocityCurveTests"
Directory: /Users/friend/Library/Mobile Documents/com~apple~CloudDocs/Documents/Dev/Super_VelocityCurve/build-rwd
"EngineTests" start time: Jun 08 19:46 EDT
Output:
----------------------------------------------------------
All engine tests passed.
<end of output>
Test time =   0.87 sec
----------------------------------------------------------
Test Passed.
"EngineTests" end time: Jun 08 19:46 EDT
"EngineTests" time elapsed: 00:00:00
----------------------------------------------------------

End testing: Jun 08 19:46 EDT
